<?xml version="1.0" encoding="UTF-8"?>
<testsuite xmlns:xsi="http://www.w3.org/2001/XMLSchema-instance" xsi:noNamespaceSchemaLocation="https://maven.apache.org/surefire/maven-surefire-plugin/xsd/surefire-test-report.xsd" name="site.nomoreparties.stellarburgers.SignUpTest" time="13.184" tests="2" errors="0" skipped="0" failures="1">
  <properties>
[...]
</properties>
  <testcase name="checkSignUpWithIncorrectPassword" classname="site.nomoreparties.stellarburgers.SignUpTest" time="3.969"/>
  <testcase name="checkSignUpWithCorrectPassword" classname="site.nomoreparties.stellarburgers.SignUpTest" time="9.204">
    <failure message="Element not found {By.name: Name}&#10;Expected: exist&#10;Screenshot: file:/C:/Diplom/QA-java-diplom-3/build/reports/tests/1644479272966.0.png&#10;Page source: file:/C:/Diplom/QA-java-diplom-3/build/reports/tests/1644479272966.0.html&#10;Timeout: 4 s.&#10;Caused by: NoSuchElementException: no such element: Unable to locate element: {&quot;method&quot;:&quot;css selector&quot;,&quot;selector&quot;:&quot;*[name=&apos;Name&apos;]&quot;}" type="com.codeborne.selenide.ex.ElementNotFound">com.codeborne.selenide.ex.ElementNotFound: 
Element not found {By.name: Name}
Expected: exist
Screenshot: file:/C:/Diplom/QA-java-diplom-3/build/reports/tests/1644479272966.0.png
Page source: file:/C:/Diplom/QA-java-diplom-3/build/reports/tests/1644479272966.0.html
Timeout: 4 s.
Caused by: NoSuchElementException: no such element: Unable to locate element: {"method":"css selector","selector":"*[name='Name']"}
	at site.nomoreparties.stellarburgers.SignUpTest.checkSignUpWithCorrectPassword(SignUpTest.java:47)
Caused by: org.openqa.selenium.NoSuchElementException: 
no such element: Unable to locate element: {"method":"css selector","selector":"*[name='Name']"}
  (Session info: chrome=98.0.4758.82)
For documentation on this error, please visit: https://www.seleniumhq.org/exceptions/no_such_element.html
Build info: version: '3.141.59', revision: 'e82be7d358', time: '2018-11-14T08:17:03'
System info: host: 'LAPTOP-IH88F3QJ', ip: '192.168.1.33', os.name: 'Windows 10', os.arch: 'amd64', os.version: '10.0', java.version: '11.0.12'
Driver info: org.openqa.selenium.chrome.ChromeDriver
Capabilities {acceptInsecureCerts: true, browserName: chrome, browserVersion: 98.0.4758.82, chrome: {chromedriverVersion: 98.0.4758.80 (7f0488e8ba0d8..., userDataDir: C:\Users\aazhi\AppData\Loca...}, goog:chromeOptions: {debuggerAddress: localhost:51576}, javascriptEnabled: true, networkConnectionEnabled: false, pageLoadStrategy: normal, platform: WINDOWS, platformName: WINDOWS, proxy: Proxy(), setWindowRect: true, strictFileInteractability: false, timeouts: {implicit: 0, pageLoad: 300000, script: 30000}, unhandledPromptBehavior: dismiss and notify, webauthn:extension:credBlob: true, webauthn:extension:largeBlob: true, webauthn:virtualAuthenticators: true}
Session ID: 086c41d750753aa6458b4c3198d8cc1d
*** Element info: {Using=name, value=Name}
	at site.nomoreparties.stellarburgers.SignUpTest.checkSignUpWithCorrectPassword(SignUpTest.java:47)
</failure>
    <system-err><![CDATA[Starting ChromeDriver 98.0.4758.80 (7f0488e8ba0d8e019187c6325a16c29d9b7f4989-refs/branch-heads/4758@{#972}) on port 42151
Only local connections are allowed.
Please see https://chromedriver.chromium.org/security-considerations for suggestions on keeping ChromeDriver safe.
ChromeDriver was started successfully.
февр. 10, 2022 10:47:45 AM org.openqa.selenium.remote.ProtocolHandshake createSession
INFO: Detected dialect: W3C
]]></system-err>
  </testcase>
</testsuite>